# Images problématiques

[2025-03-10T09:04:56.021Z] /Users/pwablo/Documents/GitHub/ootb/src/assets/images/events/conferences/conference-11.webp - Image avec ratio extrême: 7.69
Infos événement:

[2025-03-10T09:04:56.031Z] /Users/pwablo/Documents/GitHub/ootb/src/assets/images/events/conferences/conference-234.webp - Image avec ratio extrême: 3.95
Infos événement:

[2025-03-10T09:04:56.037Z] /Users/pwablo/Documents/GitHub/ootb/src/assets/images/events/conferences/conference-7.webp - Image avec ratio extrême: 3.47
Infos événement:

[2025-03-10T09:04:56.042Z] /Users/pwablo/Documents/GitHub/ootb/src/assets/images/events/ateliers/atelier-136.webp - Image avec ratio extrême: 4.23
Infos événement:

[2025-03-10T09:04:56.047Z] /Users/pwablo/Documents/GitHub/ootb/src/assets/images/events/stands/stand-1.webp - Image avec ratio extrême: 3.47
Infos événement:

[2025-03-10T09:04:56.052Z] /Users/pwablo/Documents/GitHub/ootb/src/assets/images/events/stands/stand-4.webp - Image avec ratio extrême: 7.69
Infos événement:

[2025-03-10T09:04:57.929Z] /Users/pwablo/Documents/GitHub/ootb/src/assets/images/events/conferences/conference-11.webp - Image avec ratio extrême: 7.69
Infos événement:

[2025-03-10T09:04:57.935Z] /Users/pwablo/Documents/GitHub/ootb/src/assets/images/events/conferences/conference-234.webp - Image avec ratio extrême: 3.95
Infos événement:

[2025-03-10T09:04:57.944Z] /Users/pwablo/Documents/GitHub/ootb/src/assets/images/events/conferences/conference-7.webp - Image avec ratio extrême: 3.47
Infos événement:

[2025-03-10T09:04:57.949Z] /Users/pwablo/Documents/GitHub/ootb/src/assets/images/events/ateliers/atelier-136.webp - Image avec ratio extrême: 4.23
Infos événement:

[2025-03-10T09:04:57.954Z] /Users/pwablo/Documents/GitHub/ootb/src/assets/images/events/stands/stand-1.webp - Image avec ratio extrême: 3.47
Infos événement:

[2025-03-10T09:04:57.957Z] /Users/pwablo/Documents/GitHub/ootb/src/assets/images/events/stands/stand-4.webp - Image avec ratio extrême: 7.69
Infos événement:

[2025-03-10T09:05:52.419Z] /Users/pwablo/Documents/GitHub/ootb/src/assets/images/events/conferences/conference-11.webp - Image avec ratio extrême: 7.69
Infos événement:

[2025-03-10T09:05:52.427Z] /Users/pwablo/Documents/GitHub/ootb/src/assets/images/events/conferences/conference-234.webp - Image avec ratio extrême: 3.95
Infos événement:

[2025-03-10T09:05:52.434Z] /Users/pwablo/Documents/GitHub/ootb/src/assets/images/events/conferences/conference-7.webp - Image avec ratio extrême: 3.47
Infos événement:

[2025-03-10T09:05:52.438Z] /Users/pwablo/Documents/GitHub/ootb/src/assets/images/events/ateliers/atelier-136.webp - Image avec ratio extrême: 4.23
Infos événement:

[2025-03-10T09:05:52.444Z] /Users/pwablo/Documents/GitHub/ootb/src/assets/images/events/stands/stand-1.webp - Image avec ratio extrême: 3.47
Infos événement:

[2025-03-10T09:05:52.447Z] /Users/pwablo/Documents/GitHub/ootb/src/assets/images/events/stands/stand-4.webp - Image avec ratio extrême: 7.69
Infos événement:

[2025-03-10T09:05:53.603Z] /Users/pwablo/Documents/GitHub/ootb/src/assets/images/events/conferences/conference-11.webp - Image avec ratio extrême: 7.69
Infos événement:

[2025-03-10T09:05:53.617Z] /Users/pwablo/Documents/GitHub/ootb/src/assets/images/events/conferences/conference-234.webp - Image avec ratio extrême: 3.95
Infos événement:

[2025-03-10T09:05:53.631Z] /Users/pwablo/Documents/GitHub/ootb/src/assets/images/events/conferences/conference-7.webp - Image avec ratio extrême: 3.47
Infos événement:

[2025-03-10T09:05:53.644Z] /Users/pwablo/Documents/GitHub/ootb/src/assets/images/events/ateliers/atelier-136.webp - Image avec ratio extrême: 4.23
Infos événement:

[2025-03-10T09:05:53.660Z] /Users/pwablo/Documents/GitHub/ootb/src/assets/images/events/stands/stand-1.webp - Image avec ratio extrême: 3.47
Infos événement:

[2025-03-10T09:05:53.670Z] /Users/pwablo/Documents/GitHub/ootb/src/assets/images/events/stands/stand-4.webp - Image avec ratio extrême: 7.69
Infos événement:

[2025-03-10T09:07:59.435Z] /Users/pwablo/Documents/GitHub/ootb/src/assets/images/events/conferences/conference-11.webp - Image avec ratio extrême: 7.69
Infos événement:

[2025-03-10T09:07:59.445Z] /Users/pwablo/Documents/GitHub/ootb/src/assets/images/events/conferences/conference-234.webp - Image avec ratio extrême: 3.95
Infos événement:

[2025-03-10T09:07:59.452Z] /Users/pwablo/Documents/GitHub/ootb/src/assets/images/events/conferences/conference-7.webp - Image avec ratio extrême: 3.47
Infos événement:

[2025-03-10T09:07:59.457Z] /Users/pwablo/Documents/GitHub/ootb/src/assets/images/events/ateliers/atelier-136.webp - Image avec ratio extrême: 4.23
Infos événement:

[2025-03-10T09:07:59.462Z] /Users/pwablo/Documents/GitHub/ootb/src/assets/images/events/stands/stand-1.webp - Image avec ratio extrême: 3.47
Infos événement:

[2025-03-10T09:07:59.465Z] /Users/pwablo/Documents/GitHub/ootb/src/assets/images/events/stands/stand-4.webp - Image avec ratio extrême: 7.69
Infos événement:

[2025-03-10T09:08:05.627Z] /Users/pwablo/Documents/GitHub/ootb/src/assets/images/events/conferences/conference-11.webp - Image avec ratio extrême: 7.69
Infos événement:

[2025-03-10T09:08:05.635Z] /Users/pwablo/Documents/GitHub/ootb/src/assets/images/events/conferences/conference-234.webp - Image avec ratio extrême: 3.95
Infos événement:

[2025-03-10T09:08:05.643Z] /Users/pwablo/Documents/GitHub/ootb/src/assets/images/events/conferences/conference-7.webp - Image avec ratio extrême: 3.47
Infos événement:

[2025-03-10T09:08:05.651Z] /Users/pwablo/Documents/GitHub/ootb/src/assets/images/events/ateliers/atelier-136.webp - Image avec ratio extrême: 4.23
Infos événement:

[2025-03-10T09:08:05.655Z] /Users/pwablo/Documents/GitHub/ootb/src/assets/images/events/stands/stand-1.webp - Image avec ratio extrême: 3.47
Infos événement:

[2025-03-10T09:08:05.658Z] /Users/pwablo/Documents/GitHub/ootb/src/assets/images/events/stands/stand-4.webp - Image avec ratio extrême: 7.69
Infos événement:

[2025-03-10T09:09:52.145Z] /Users/pwablo/Documents/GitHub/ootb/src/assets/images/events/conferences/conference-11.webp - Image avec ratio extrême: 7.69
Infos événement:

[2025-03-10T09:09:52.155Z] /Users/pwablo/Documents/GitHub/ootb/src/assets/images/events/conferences/conference-234.webp - Image avec ratio extrême: 3.95
Infos événement:

[2025-03-10T09:09:52.162Z] /Users/pwablo/Documents/GitHub/ootb/src/assets/images/events/conferences/conference-7.webp - Image avec ratio extrême: 3.47
Infos événement:

[2025-03-10T09:09:52.166Z] /Users/pwablo/Documents/GitHub/ootb/src/assets/images/events/ateliers/atelier-136.webp - Image avec ratio extrême: 4.23
Infos événement:

[2025-03-10T09:09:52.172Z] /Users/pwablo/Documents/GitHub/ootb/src/assets/images/events/stands/stand-1.webp - Image avec ratio extrême: 3.47
Infos événement:

[2025-03-10T09:09:52.174Z] /Users/pwablo/Documents/GitHub/ootb/src/assets/images/events/stands/stand-4.webp - Image avec ratio extrême: 7.69
Infos événement:

[2025-03-10T09:10:12.537Z] /Users/pwablo/Documents/GitHub/ootb/src/assets/images/events/conferences/conference-11.webp - Image avec ratio extrême: 7.69
Infos événement:

[2025-03-10T09:10:12.559Z] /Users/pwablo/Documents/GitHub/ootb/src/assets/images/events/conferences/conference-234.webp - Image avec ratio extrême: 3.95
Infos événement:

[2025-03-10T09:10:12.935Z] /Users/pwablo/Documents/GitHub/ootb/src/assets/images/events/conferences/conference-7.webp - Image avec ratio extrême: 3.47
Infos événement:

[2025-03-10T09:10:13.140Z] /Users/pwablo/Documents/GitHub/ootb/src/assets/images/events/conferences/conference-11.webp - Image avec ratio extrême: 7.69
Infos événement:

[2025-03-10T09:10:13.141Z] /Users/pwablo/Documents/GitHub/ootb/src/assets/images/events/ateliers/atelier-136.webp - Image avec ratio extrême: 4.23
Infos événement:

[2025-03-10T09:10:13.150Z] /Users/pwablo/Documents/GitHub/ootb/src/assets/images/events/conferences/conference-234.webp - Image avec ratio extrême: 3.95
Infos événement:

[2025-03-10T09:10:13.150Z] /Users/pwablo/Documents/GitHub/ootb/src/assets/images/events/stands/stand-1.webp - Image avec ratio extrême: 3.47
Infos événement:

[2025-03-10T09:10:13.156Z] /Users/pwablo/Documents/GitHub/ootb/src/assets/images/events/stands/stand-4.webp - Image avec ratio extrême: 7.69
Infos événement:

[2025-03-10T09:10:13.352Z] /Users/pwablo/Documents/GitHub/ootb/src/assets/images/events/conferences/conference-7.webp - Image avec ratio extrême: 3.47
Infos événement:

[2025-03-10T09:10:13.363Z] /Users/pwablo/Documents/GitHub/ootb/src/assets/images/events/ateliers/atelier-136.webp - Image avec ratio extrême: 4.23
Infos événement:

[2025-03-10T09:10:13.372Z] /Users/pwablo/Documents/GitHub/ootb/src/assets/images/events/stands/stand-1.webp - Image avec ratio extrême: 3.47
Infos événement:

[2025-03-10T09:10:13.377Z] /Users/pwablo/Documents/GitHub/ootb/src/assets/images/events/stands/stand-4.webp - Image avec ratio extrême: 7.69
Infos événement:

[2025-03-10T09:14:08.293Z] /Users/pwablo/Documents/GitHub/ootb/src/assets/images/events/conferences/conference-11.webp - Image avec ratio extrême: 7.69
Infos événement:

[2025-03-10T09:14:08.321Z] /Users/pwablo/Documents/GitHub/ootb/src/assets/images/events/conferences/conference-234.webp - Image avec ratio extrême: 3.95
Infos événement:

[2025-03-10T09:14:08.328Z] /Users/pwablo/Documents/GitHub/ootb/src/assets/images/events/conferences/conference-7.webp - Image avec ratio extrême: 3.47
Infos événement:

[2025-03-10T09:14:08.333Z] /Users/pwablo/Documents/GitHub/ootb/src/assets/images/events/ateliers/atelier-136.webp - Image avec ratio extrême: 4.23
Infos événement:

[2025-03-10T09:14:08.338Z] /Users/pwablo/Documents/GitHub/ootb/src/assets/images/events/stands/stand-1.webp - Image avec ratio extrême: 3.47
Infos événement:

[2025-03-10T09:14:08.341Z] /Users/pwablo/Documents/GitHub/ootb/src/assets/images/events/stands/stand-4.webp - Image avec ratio extrême: 7.69
Infos événement:

[2025-03-10T09:52:38.535Z] /Users/pwablo/Documents/GitHub/ootb/src/assets/images/events/conferences/conference-11.webp - Image avec ratio extrême: 7.69
Infos événement:

[2025-03-10T09:52:38.574Z] /Users/pwablo/Documents/GitHub/ootb/src/assets/images/events/conferences/conference-234.webp - Image avec ratio extrême: 3.95
Infos événement:

[2025-03-10T09:52:38.618Z] /Users/pwablo/Documents/GitHub/ootb/src/assets/images/events/conferences/conference-7.webp - Image avec ratio extrême: 3.47
Infos événement:

[2025-03-10T09:52:38.649Z] /Users/pwablo/Documents/GitHub/ootb/src/assets/images/events/ateliers/atelier-136.webp - Image avec ratio extrême: 4.23
Infos événement:

[2025-03-10T09:52:38.676Z] /Users/pwablo/Documents/GitHub/ootb/src/assets/images/events/stands/stand-1.webp - Image avec ratio extrême: 3.47
Infos événement:

[2025-03-10T09:52:38.693Z] /Users/pwablo/Documents/GitHub/ootb/src/assets/images/events/stands/stand-4.webp - Image avec ratio extrême: 7.69
Infos événement:

[2025-03-10T09:52:40.310Z] https://nocohub-001-prod-app-attachments.s3.us-east-2.amazonaws.com/nc/uploads/2025/03/07/60e65c63f9091a580cbaec91b037645612f9eb7e/calli%20enseigne_omtd-.pdf?X-Amz-Algorithm=AWS4-HMAC-SHA256&X-Amz-Content-Sha256=UNSIGNED-PAYLOAD&X-Amz-Credential=AKIATUJCOBWTKOMQ5JMU%2F20250310%2Fus-east-2%2Fs3%2Faws4_request&X-Amz-Date=20250310T081246Z&X-Amz-Expires=7635&X-Amz-Signature=ff3771c992962738c576ec31ea821c4361aa4bb2371a9c9d28f75f4e0f502c9f&X-Amz-SignedHeaders=host&response-content-disposition=inline%3B%20filename%3D%22calli%20enseigne.pdf%22&response-content-type=application%2Fpdf&x-amz-checksum-mode=ENABLED&x-id=GetObject - Le contenu n'est pas une image: application/pdf
Infos événement:
  - ID: stand-133-Vendredi
  - Titre: Callicéphale éditions
  - Type: Stands
  - Jour: Vendredi

[2025-03-10T09:52:40.317Z] https://nocohub-001-prod-app-attachments.s3.us-east-2.amazonaws.com/nc/uploads/2025/02/20/60e65c63f9091a580cbaec91b037645612f9eb7e/logo%20Misa%20Belgium_3xeXg.pdf?X-Amz-Algorithm=AWS4-HMAC-SHA256&X-Amz-Content-Sha256=UNSIGNED-PAYLOAD&X-Amz-Credential=AKIATUJCOBWTKOMQ5JMU%2F20250310%2Fus-east-2%2Fs3%2Faws4_request&X-Amz-Date=20250310T081246Z&X-Amz-Expires=7635&X-Amz-Signature=1dc52e2b9273007d3174388a6202eede4d39929cc512449e3692796e8e5b8a08&X-Amz-SignedHeaders=host&response-content-disposition=inline%3B%20filename%3D%22logo%20Misa%20Belgium.pdf%22&response-content-type=application%2Fpdf&x-amz-checksum-mode=ENABLED&x-id=GetObject - Le contenu n'est pas une image: application/pdf
Infos événement:
  - ID: atelier-4
  - Titre: Introduction de techniques psychocorporelles en classe : quels sont les bénéfices pour l'enseignant et pour les élèves ?
  - Type: Ateliers
  - Jour: À définir

[2025-03-10T09:52:40.320Z] https://nocohub-001-prod-app-attachments.s3.us-east-2.amazonaws.com/nc/uploads/2025/03/07/60e65c63f9091a580cbaec91b037645612f9eb7e/calli%20enseigne_omtd-.pdf?X-Amz-Algorithm=AWS4-HMAC-SHA256&X-Amz-Content-Sha256=UNSIGNED-PAYLOAD&X-Amz-Credential=AKIATUJCOBWTKOMQ5JMU%2F20250310%2Fus-east-2%2Fs3%2Faws4_request&X-Amz-Date=20250310T081246Z&X-Amz-Expires=7635&X-Amz-Signature=ff3771c992962738c576ec31ea821c4361aa4bb2371a9c9d28f75f4e0f502c9f&X-Amz-SignedHeaders=host&response-content-disposition=inline%3B%20filename%3D%22calli%20enseigne.pdf%22&response-content-type=application%2Fpdf&x-amz-checksum-mode=ENABLED&x-id=GetObject - Le contenu n'est pas une image: application/pdf
Infos événement:
  - ID: stand-133-Jeudi
  - Titre: Callicéphale éditions
  - Type: Stands
  - Jour: Jeudi

[2025-03-10T09:52:40.323Z] https://nocohub-001-prod-app-attachments.s3.us-east-2.amazonaws.com/nc/uploads/2025/03/07/60e65c63f9091a580cbaec91b037645612f9eb7e/calli%20enseigne_omtd-.pdf?X-Amz-Algorithm=AWS4-HMAC-SHA256&X-Amz-Content-Sha256=UNSIGNED-PAYLOAD&X-Amz-Credential=AKIATUJCOBWTKOMQ5JMU%2F20250310%2Fus-east-2%2Fs3%2Faws4_request&X-Amz-Date=20250310T081246Z&X-Amz-Expires=7635&X-Amz-Signature=ff3771c992962738c576ec31ea821c4361aa4bb2371a9c9d28f75f4e0f502c9f&X-Amz-SignedHeaders=host&response-content-disposition=inline%3B%20filename%3D%22calli%20enseigne.pdf%22&response-content-type=application%2Fpdf&x-amz-checksum-mode=ENABLED&x-id=GetObject - Le contenu n'est pas une image: application/pdf
Infos événement:
  - ID: stand-133-Mercredi
  - Titre: Callicéphale éditions
  - Type: Stands
  - Jour: Mercredi

[2025-03-10T09:52:45.319Z] /Users/pwablo/Documents/GitHub/ootb/src/assets/images/events/conferences/conference-11.webp - Image avec ratio extrême: 7.69
Infos événement:

[2025-03-10T09:52:45.330Z] /Users/pwablo/Documents/GitHub/ootb/src/assets/images/events/conferences/conference-234.webp - Image avec ratio extrême: 3.95
Infos événement:

[2025-03-10T09:52:45.341Z] /Users/pwablo/Documents/GitHub/ootb/src/assets/images/events/conferences/conference-7.webp - Image avec ratio extrême: 3.47
Infos événement:

[2025-03-10T09:52:45.349Z] /Users/pwablo/Documents/GitHub/ootb/src/assets/images/events/ateliers/atelier-136.webp - Image avec ratio extrême: 4.23
Infos événement:

[2025-03-10T09:52:45.355Z] /Users/pwablo/Documents/GitHub/ootb/src/assets/images/events/stands/stand-1.webp - Image avec ratio extrême: 3.47
Infos événement:

[2025-03-10T09:52:45.361Z] /Users/pwablo/Documents/GitHub/ootb/src/assets/images/events/stands/stand-4.webp - Image avec ratio extrême: 7.69
Infos événement:

[2025-03-10T09:52:46.847Z] https://nocohub-001-prod-app-attachments.s3.us-east-2.amazonaws.com/nc/uploads/2025/03/07/60e65c63f9091a580cbaec91b037645612f9eb7e/calli%20enseigne_omtd-.pdf?X-Amz-Algorithm=AWS4-HMAC-SHA256&X-Amz-Content-Sha256=UNSIGNED-PAYLOAD&X-Amz-Credential=AKIATUJCOBWTKOMQ5JMU%2F20250310%2Fus-east-2%2Fs3%2Faws4_request&X-Amz-Date=20250310T081246Z&X-Amz-Expires=7635&X-Amz-Signature=ff3771c992962738c576ec31ea821c4361aa4bb2371a9c9d28f75f4e0f502c9f&X-Amz-SignedHeaders=host&response-content-disposition=inline%3B%20filename%3D%22calli%20enseigne.pdf%22&response-content-type=application%2Fpdf&x-amz-checksum-mode=ENABLED&x-id=GetObject - Le contenu n'est pas une image: application/pdf
Infos événement:
  - ID: stand-133-Mercredi
  - Titre: Callicéphale éditions
  - Type: Stands
  - Jour: Mercredi

[2025-03-10T09:52:46.852Z] https://nocohub-001-prod-app-attachments.s3.us-east-2.amazonaws.com/nc/uploads/2025/03/07/60e65c63f9091a580cbaec91b037645612f9eb7e/calli%20enseigne_omtd-.pdf?X-Amz-Algorithm=AWS4-HMAC-SHA256&X-Amz-Content-Sha256=UNSIGNED-PAYLOAD&X-Amz-Credential=AKIATUJCOBWTKOMQ5JMU%2F20250310%2Fus-east-2%2Fs3%2Faws4_request&X-Amz-Date=20250310T081246Z&X-Amz-Expires=7635&X-Amz-Signature=ff3771c992962738c576ec31ea821c4361aa4bb2371a9c9d28f75f4e0f502c9f&X-Amz-SignedHeaders=host&response-content-disposition=inline%3B%20filename%3D%22calli%20enseigne.pdf%22&response-content-type=application%2Fpdf&x-amz-checksum-mode=ENABLED&x-id=GetObject - Le contenu n'est pas une image: application/pdf
Infos événement:
  - ID: stand-133-Jeudi
  - Titre: Callicéphale éditions
  - Type: Stands
  - Jour: Jeudi

[2025-03-10T09:52:46.852Z] https://nocohub-001-prod-app-attachments.s3.us-east-2.amazonaws.com/nc/uploads/2025/03/07/60e65c63f9091a580cbaec91b037645612f9eb7e/calli%20enseigne_omtd-.pdf?X-Amz-Algorithm=AWS4-HMAC-SHA256&X-Amz-Content-Sha256=UNSIGNED-PAYLOAD&X-Amz-Credential=AKIATUJCOBWTKOMQ5JMU%2F20250310%2Fus-east-2%2Fs3%2Faws4_request&X-Amz-Date=20250310T081246Z&X-Amz-Expires=7635&X-Amz-Signature=ff3771c992962738c576ec31ea821c4361aa4bb2371a9c9d28f75f4e0f502c9f&X-Amz-SignedHeaders=host&response-content-disposition=inline%3B%20filename%3D%22calli%20enseigne.pdf%22&response-content-type=application%2Fpdf&x-amz-checksum-mode=ENABLED&x-id=GetObject - Le contenu n'est pas une image: application/pdf
Infos événement:
  - ID: stand-133-Vendredi
  - Titre: Callicéphale éditions
  - Type: Stands
  - Jour: Vendredi

[2025-03-10T09:52:46.873Z] https://nocohub-001-prod-app-attachments.s3.us-east-2.amazonaws.com/nc/uploads/2025/02/20/60e65c63f9091a580cbaec91b037645612f9eb7e/logo%20Misa%20Belgium_3xeXg.pdf?X-Amz-Algorithm=AWS4-HMAC-SHA256&X-Amz-Content-Sha256=UNSIGNED-PAYLOAD&X-Amz-Credential=AKIATUJCOBWTKOMQ5JMU%2F20250310%2Fus-east-2%2Fs3%2Faws4_request&X-Amz-Date=20250310T081246Z&X-Amz-Expires=7635&X-Amz-Signature=1dc52e2b9273007d3174388a6202eede4d39929cc512449e3692796e8e5b8a08&X-Amz-SignedHeaders=host&response-content-disposition=inline%3B%20filename%3D%22logo%20Misa%20Belgium.pdf%22&response-content-type=application%2Fpdf&x-amz-checksum-mode=ENABLED&x-id=GetObject - Le contenu n'est pas une image: application/pdf
Infos événement:
  - ID: atelier-4
  - Titre: Introduction de techniques psychocorporelles en classe : quels sont les bénéfices pour l'enseignant et pour les élèves ?
  - Type: Ateliers
  - Jour: À définir

[2025-03-10T09:55:14.218Z] /Users/pwablo/Documents/GitHub/ootb/src/assets/images/events/conferences/conference-11.webp - Image avec ratio extrême: 7.69
Infos événement:

[2025-03-10T09:55:14.256Z] /Users/pwablo/Documents/GitHub/ootb/src/assets/images/events/conferences/conference-234.webp - Image avec ratio extrême: 3.95
Infos événement:

[2025-03-10T09:55:14.283Z] /Users/pwablo/Documents/GitHub/ootb/src/assets/images/events/conferences/conference-7.webp - Image avec ratio extrême: 3.47
Infos événement:

[2025-03-10T09:55:14.304Z] /Users/pwablo/Documents/GitHub/ootb/src/assets/images/events/ateliers/atelier-136.webp - Image avec ratio extrême: 4.23
Infos événement:

[2025-03-10T09:55:14.328Z] /Users/pwablo/Documents/GitHub/ootb/src/assets/images/events/stands/stand-1.webp - Image avec ratio extrême: 3.47
Infos événement:

[2025-03-10T09:55:14.338Z] /Users/pwablo/Documents/GitHub/ootb/src/assets/images/events/stands/stand-4.webp - Image avec ratio extrême: 7.69
Infos événement:

[2025-03-10T09:55:17.153Z] https://nocohub-001-prod-app-attachments.s3.us-east-2.amazonaws.com/nc/uploads/2025/02/20/60e65c63f9091a580cbaec91b037645612f9eb7e/logo%20Misa%20Belgium_3xeXg.pdf?X-Amz-Algorithm=AWS4-HMAC-SHA256&X-Amz-Content-Sha256=UNSIGNED-PAYLOAD&X-Amz-Credential=AKIATUJCOBWTKOMQ5JMU%2F20250310%2Fus-east-2%2Fs3%2Faws4_request&X-Amz-Date=20250310T081246Z&X-Amz-Expires=7635&X-Amz-Signature=1dc52e2b9273007d3174388a6202eede4d39929cc512449e3692796e8e5b8a08&X-Amz-SignedHeaders=host&response-content-disposition=inline%3B%20filename%3D%22logo%20Misa%20Belgium.pdf%22&response-content-type=application%2Fpdf&x-amz-checksum-mode=ENABLED&x-id=GetObject - Le contenu n'est pas une image: application/pdf
Infos événement:
  - ID: atelier-4
  - Titre: Introduction de techniques psychocorporelles en classe : quels sont les bénéfices pour l'enseignant et pour les élèves ?
  - Type: Ateliers
  - Jour: À définir

[2025-03-10T09:55:17.156Z] https://nocohub-001-prod-app-attachments.s3.us-east-2.amazonaws.com/nc/uploads/2025/03/07/60e65c63f9091a580cbaec91b037645612f9eb7e/calli%20enseigne_omtd-.pdf?X-Amz-Algorithm=AWS4-HMAC-SHA256&X-Amz-Content-Sha256=UNSIGNED-PAYLOAD&X-Amz-Credential=AKIATUJCOBWTKOMQ5JMU%2F20250310%2Fus-east-2%2Fs3%2Faws4_request&X-Amz-Date=20250310T081246Z&X-Amz-Expires=7635&X-Amz-Signature=ff3771c992962738c576ec31ea821c4361aa4bb2371a9c9d28f75f4e0f502c9f&X-Amz-SignedHeaders=host&response-content-disposition=inline%3B%20filename%3D%22calli%20enseigne.pdf%22&response-content-type=application%2Fpdf&x-amz-checksum-mode=ENABLED&x-id=GetObject - Le contenu n'est pas une image: application/pdf
Infos événement:
  - ID: stand-133-Jeudi
  - Titre: Callicéphale éditions
  - Type: Stands
  - Jour: Jeudi

[2025-03-10T09:55:17.173Z] https://nocohub-001-prod-app-attachments.s3.us-east-2.amazonaws.com/nc/uploads/2025/03/07/60e65c63f9091a580cbaec91b037645612f9eb7e/calli%20enseigne_omtd-.pdf?X-Amz-Algorithm=AWS4-HMAC-SHA256&X-Amz-Content-Sha256=UNSIGNED-PAYLOAD&X-Amz-Credential=AKIATUJCOBWTKOMQ5JMU%2F20250310%2Fus-east-2%2Fs3%2Faws4_request&X-Amz-Date=20250310T081246Z&X-Amz-Expires=7635&X-Amz-Signature=ff3771c992962738c576ec31ea821c4361aa4bb2371a9c9d28f75f4e0f502c9f&X-Amz-SignedHeaders=host&response-content-disposition=inline%3B%20filename%3D%22calli%20enseigne.pdf%22&response-content-type=application%2Fpdf&x-amz-checksum-mode=ENABLED&x-id=GetObject - Le contenu n'est pas une image: application/pdf
Infos événement:
  - ID: stand-133-Vendredi
  - Titre: Callicéphale éditions
  - Type: Stands
  - Jour: Vendredi

[2025-03-10T09:55:17.175Z] https://nocohub-001-prod-app-attachments.s3.us-east-2.amazonaws.com/nc/uploads/2025/03/07/60e65c63f9091a580cbaec91b037645612f9eb7e/calli%20enseigne_omtd-.pdf?X-Amz-Algorithm=AWS4-HMAC-SHA256&X-Amz-Content-Sha256=UNSIGNED-PAYLOAD&X-Amz-Credential=AKIATUJCOBWTKOMQ5JMU%2F20250310%2Fus-east-2%2Fs3%2Faws4_request&X-Amz-Date=20250310T081246Z&X-Amz-Expires=7635&X-Amz-Signature=ff3771c992962738c576ec31ea821c4361aa4bb2371a9c9d28f75f4e0f502c9f&X-Amz-SignedHeaders=host&response-content-disposition=inline%3B%20filename%3D%22calli%20enseigne.pdf%22&response-content-type=application%2Fpdf&x-amz-checksum-mode=ENABLED&x-id=GetObject - Le contenu n'est pas une image: application/pdf
Infos événement:
  - ID: stand-133-Mercredi
  - Titre: Callicéphale éditions
  - Type: Stands
  - Jour: Mercredi

[2025-03-10T09:56:31.826Z] /Users/pwablo/Documents/GitHub/ootb/src/assets/images/events/conferences/conference-11.webp - Image avec ratio extrême: 7.69
Infos événement:

[2025-03-10T09:56:31.838Z] /Users/pwablo/Documents/GitHub/ootb/src/assets/images/events/conferences/conference-234.webp - Image avec ratio extrême: 3.95
Infos événement:

[2025-03-10T09:56:31.847Z] /Users/pwablo/Documents/GitHub/ootb/src/assets/images/events/conferences/conference-7.webp - Image avec ratio extrême: 3.47
Infos événement:

[2025-03-10T09:56:31.855Z] /Users/pwablo/Documents/GitHub/ootb/src/assets/images/events/ateliers/atelier-136.webp - Image avec ratio extrême: 4.23
Infos événement:

[2025-03-10T09:56:31.862Z] /Users/pwablo/Documents/GitHub/ootb/src/assets/images/events/stands/stand-1.webp - Image avec ratio extrême: 3.47
Infos événement:

[2025-03-10T09:56:31.871Z] /Users/pwablo/Documents/GitHub/ootb/src/assets/images/events/stands/stand-4.webp - Image avec ratio extrême: 7.69
Infos événement:

[2025-03-10T09:56:33.482Z] https://nocohub-001-prod-app-attachments.s3.us-east-2.amazonaws.com/nc/uploads/2025/03/07/60e65c63f9091a580cbaec91b037645612f9eb7e/calli%20enseigne_omtd-.pdf?X-Amz-Algorithm=AWS4-HMAC-SHA256&X-Amz-Content-Sha256=UNSIGNED-PAYLOAD&X-Amz-Credential=AKIATUJCOBWTKOMQ5JMU%2F20250310%2Fus-east-2%2Fs3%2Faws4_request&X-Amz-Date=20250310T081246Z&X-Amz-Expires=7635&X-Amz-Signature=ff3771c992962738c576ec31ea821c4361aa4bb2371a9c9d28f75f4e0f502c9f&X-Amz-SignedHeaders=host&response-content-disposition=inline%3B%20filename%3D%22calli%20enseigne.pdf%22&response-content-type=application%2Fpdf&x-amz-checksum-mode=ENABLED&x-id=GetObject - Le contenu n'est pas une image: application/pdf
Infos événement:
  - ID: stand-133-Jeudi
  - Titre: Callicéphale éditions
  - Type: Stands
  - Jour: Jeudi

[2025-03-10T09:56:33.489Z] https://nocohub-001-prod-app-attachments.s3.us-east-2.amazonaws.com/nc/uploads/2025/03/07/60e65c63f9091a580cbaec91b037645612f9eb7e/calli%20enseigne_omtd-.pdf?X-Amz-Algorithm=AWS4-HMAC-SHA256&X-Amz-Content-Sha256=UNSIGNED-PAYLOAD&X-Amz-Credential=AKIATUJCOBWTKOMQ5JMU%2F20250310%2Fus-east-2%2Fs3%2Faws4_request&X-Amz-Date=20250310T081246Z&X-Amz-Expires=7635&X-Amz-Signature=ff3771c992962738c576ec31ea821c4361aa4bb2371a9c9d28f75f4e0f502c9f&X-Amz-SignedHeaders=host&response-content-disposition=inline%3B%20filename%3D%22calli%20enseigne.pdf%22&response-content-type=application%2Fpdf&x-amz-checksum-mode=ENABLED&x-id=GetObject - Le contenu n'est pas une image: application/pdf
Infos événement:
  - ID: stand-133-Mercredi
  - Titre: Callicéphale éditions
  - Type: Stands
  - Jour: Mercredi

[2025-03-10T09:56:33.496Z] https://nocohub-001-prod-app-attachments.s3.us-east-2.amazonaws.com/nc/uploads/2025/03/07/60e65c63f9091a580cbaec91b037645612f9eb7e/calli%20enseigne_omtd-.pdf?X-Amz-Algorithm=AWS4-HMAC-SHA256&X-Amz-Content-Sha256=UNSIGNED-PAYLOAD&X-Amz-Credential=AKIATUJCOBWTKOMQ5JMU%2F20250310%2Fus-east-2%2Fs3%2Faws4_request&X-Amz-Date=20250310T081246Z&X-Amz-Expires=7635&X-Amz-Signature=ff3771c992962738c576ec31ea821c4361aa4bb2371a9c9d28f75f4e0f502c9f&X-Amz-SignedHeaders=host&response-content-disposition=inline%3B%20filename%3D%22calli%20enseigne.pdf%22&response-content-type=application%2Fpdf&x-amz-checksum-mode=ENABLED&x-id=GetObject - Le contenu n'est pas une image: application/pdf
Infos événement:
  - ID: stand-133-Vendredi
  - Titre: Callicéphale éditions
  - Type: Stands
  - Jour: Vendredi

[2025-03-10T09:56:33.520Z] https://nocohub-001-prod-app-attachments.s3.us-east-2.amazonaws.com/nc/uploads/2025/02/20/60e65c63f9091a580cbaec91b037645612f9eb7e/logo%20Misa%20Belgium_3xeXg.pdf?X-Amz-Algorithm=AWS4-HMAC-SHA256&X-Amz-Content-Sha256=UNSIGNED-PAYLOAD&X-Amz-Credential=AKIATUJCOBWTKOMQ5JMU%2F20250310%2Fus-east-2%2Fs3%2Faws4_request&X-Amz-Date=20250310T081246Z&X-Amz-Expires=7635&X-Amz-Signature=1dc52e2b9273007d3174388a6202eede4d39929cc512449e3692796e8e5b8a08&X-Amz-SignedHeaders=host&response-content-disposition=inline%3B%20filename%3D%22logo%20Misa%20Belgium.pdf%22&response-content-type=application%2Fpdf&x-amz-checksum-mode=ENABLED&x-id=GetObject - Le contenu n'est pas une image: application/pdf
Infos événement:
  - ID: atelier-4
  - Titre: Introduction de techniques psychocorporelles en classe : quels sont les bénéfices pour l'enseignant et pour les élèves ?
  - Type: Ateliers
  - Jour: À définir

